{"date": "2025-06-04T14:59:10.566079", "label": "Tool Calledmake_character - name", "data": {"name": null}}  
{"date": "2025-06-04T14:59:10.566197", "label": "build_random_character - name", "data": {"name": null}}  
{"date": "2025-06-04T14:59:10.566282", "label": "build_random_character - calling FantasyNameGenerator", "data": {"name": "Freekrastaoe"}}  
{"date": "2025-06-04T14:59:10.566383", "label": "Character.init - input name", "data": {"name": "Freekrastaoe"}}  
{"date": "2025-06-04T14:59:10.566442", "label": "Character.init - inited char", "data": {"id": "9f99a4c4-4254-41a2-8dd2-8aa21cc95f14", "personality_profile": null, "current_goal": null, "entity_type": "character", "name": "Freekrastaoe", "race": null, "class": null, "background": null, "level": 1, "proficiency_bonus": 2, "cr": 1, "ability_scores": {"STR": 13, "DEX": 15, "CON": 12, "INT": 8, "WIS": 14, "CHA": 10}, "max_hp": null, "ac": null, "saving_throws": [], "skills": [], "tools": [], "feats": [], "request_id": "03efcd26-0775-40aa-b215-4654645158d3", "game_id": "errotin", "description": "a smarmy sailor", "schema_version": "1.0.0"}}  
{"date": "2025-06-04T15:03:10.490745", "label": "Tool Calledmake_character - name", "data": {"name": null}}  
{"date": "2025-06-04T15:03:10.490871", "label": "build_random_character - name", "data": {"name": null}}  
{"date": "2025-06-04T15:03:10.490977", "label": "build_random_character - calling FantasyNameGenerator", "data": {"name": "Aegua"}}  
{"date": "2025-06-04T15:03:10.491143", "label": "Character.init - input name", "data": {"name": "Aegua"}}  
{"date": "2025-06-04T15:03:10.491242", "label": "Character.init - inited char", "data": {"id": "04229dd4-6613-4c25-a591-60300bc339b3", "personality_profile": null, "current_goal": null, "entity_type": "character", "name": "Aegua", "race": null, "class": null, "background": null, "level": 1, "proficiency_bonus": 2, "cr": 1, "ability_scores": {"STR": 13, "DEX": 12, "CON": 8, "INT": 14, "WIS": 10, "CHA": 15}, "max_hp": null, "ac": null, "saving_throws": [], "skills": [], "tools": [], "feats": [], "request_id": "1fa3c911-f215-45eb-ab09-b957e4f88e4d", "game_id": "errotin", "description": "a smarmy sinner", "schema_version": "1.0.0"}}  
{"date": "2025-06-05T07:33:23.979013", "label": "Tool Calledmake_character - name", "data": {"name": null}}  
{"date": "2025-06-05T07:33:23.979159", "label": "build_random_character - name", "data": {"name": null}}  
{"date": "2025-06-05T07:33:23.979285", "label": "build_random_character - calling FantasyNameGenerator", "data": {"name": "Leefleabtee"}}  
{"date": "2025-06-05T07:33:23.979436", "label": "Character.init - input name", "data": {"name": "Leefleabtee"}}  
{"date": "2025-06-05T07:33:23.979539", "label": "Character.init - inited char", "data": {"id": "c8f75c53-864f-4797-b9fe-caa99225e379", "personality_profile": null, "current_goal": null, "entity_type": "character", "name": "Leefleabtee", "race": null, "class": null, "background": null, "level": 1, "proficiency_bonus": 2, "cr": 1, "ability_scores": {"STR": 12, "DEX": 15, "CON": 8, "INT": 14, "WIS": 10, "CHA": 13}, "max_hp": null, "ac": null, "saving_throws": [], "skills": [], "tools": [], "feats": [], "request_id": "174d5887-d76e-4212-ba4b-b231f1fbf832", "game_id": "errotin", "description": "a brawler", "schema_version": "1.0.0"}}  
{"date": "2025-06-05T07:36:26.650541", "label": "Tool Calledmake_character - name", "data": {"name": null}}  
{"date": "2025-06-05T07:36:26.650802", "label": "build_random_character - name", "data": {"name": null}}  
{"date": "2025-06-05T07:36:26.651025", "label": "build_random_character - calling FantasyNameGenerator", "data": {"name": "Bruaplueshee"}}  
{"date": "2025-06-05T07:36:26.651301", "label": "Character.init - input name", "data": {"name": "Bruaplueshee"}}  
{"date": "2025-06-05T07:36:26.651448", "label": "Character.init - inited char", "data": {"id": "595d90dc-2452-4cd5-8e50-aea0a1f17f5c", "personality_profile": null, "current_goal": null, "entity_type": "character", "name": "Bruaplueshee", "race": null, "class": null, "background": null, "level": 1, "proficiency_bonus": 2, "cr": 1, "ability_scores": {"STR": 12, "DEX": 10, "CON": 13, "INT": 15, "WIS": 8, "CHA": 14}, "max_hp": null, "ac": null, "saving_throws": [], "skills": [], "tools": [], "feats": [], "request_id": "491d8792-453f-4038-a85d-5a13f61044a8", "game_id": "errotin", "description": "a greedy sociopath", "schema_version": "1.0.0"}}  
{"date": "2025-06-05T07:37:27.318015", "label": "Tool Calledmake_character - name", "data": {"name": null}}  
{"date": "2025-06-05T07:37:27.318148", "label": "build_random_character - name", "data": {"name": null}}  
{"date": "2025-06-05T07:37:27.318267", "label": "build_random_character - calling FantasyNameGenerator", "data": {"name": "Eetaiouth"}}  
{"date": "2025-06-05T07:37:27.318432", "label": "Character.init - input name", "data": {"name": "Eetaiouth"}}  
{"date": "2025-06-05T07:37:27.318529", "label": "Character.init - inited char", "data": {"id": "924c2dce-33a7-48a0-90ef-3ac7bee36070", "personality_profile": null, "current_goal": null, "entity_type": "character", "name": "Eetaiouth", "race": null, "class": null, "background": null, "level": 1, "proficiency_bonus": 2, "cr": 1, "ability_scores": {"STR": 12, "DEX": 8, "CON": 15, "INT": 13, "WIS": 14, "CHA": 10}, "max_hp": null, "ac": null, "saving_throws": [], "skills": [], "tools": [], "feats": [], "request_id": "8ca424ec-cb9d-4f9c-879f-747b4a73d255", "game_id": "errotin", "description": "an optimist", "schema_version": "1.0.0"}}  
{"date": "2025-06-05T08:24:14.412419", "label": "Tool Calledmake_character - name", "data": {"name": null}}  
{"date": "2025-06-05T08:24:14.412559", "label": "build_random_character - name", "data": {"name": null}}  
{"date": "2025-06-05T08:24:14.412703", "label": "build_random_character - calling FantasyNameGenerator", "data": {"name": "Aentzheigkeishcrast"}}  
{"date": "2025-06-05T08:24:14.412866", "label": "Character.init - input name", "data": {"name": "Aentzheigkeishcrast"}}  
{"date": "2025-06-05T08:24:14.412948", "label": "Character.init - inited char", "data": {"id": "eca9aecd-dfa3-4308-b621-b2f4a05cbad3", "personality_profile": null, "current_goal": null, "entity_type": "character", "name": "Aentzheigkeishcrast", "race": null, "class": null, "background": null, "level": 1, "proficiency_bonus": 2, "cr": 1, "ability_scores": {"STR": 15, "DEX": 8, "CON": 10, "INT": 12, "WIS": 14, "CHA": 13}, "max_hp": null, "ac": null, "saving_throws": [], "skills": [], "tools": [], "feats": [], "request_id": "59dcd034-a37f-4b38-9ad4-662c4c4a0eb9", "game_id": "errotin", "description": "a wild-eyed siccophant", "schema_version": "1.0.0"}}  
{"date": "2025-06-05T08:47:19.025384", "label": "Tool Calledmake_character - name", "data": {"name": null}}  
{"date": "2025-06-05T08:47:19.025620", "label": "build_random_character - name", "data": {"name": null}}  
{"date": "2025-06-05T08:47:19.025814", "label": "build_random_character - calling FantasyNameGenerator", "data": {"name": "Vejeafoeaest"}}  
{"date": "2025-06-05T08:47:19.026022", "label": "Character.init - input name", "data": {"name": "Vejeafoeaest"}}  
{"date": "2025-06-05T08:47:19.026177", "label": "Character.init - inited char", "data": {"id": "3f42730a-78d0-4448-b15b-b43ecb787c2c", "personality_profile": null, "current_goal": null, "entity_type": "character", "name": "Vejeafoeaest", "race": null, "class": null, "background": null, "level": 1, "proficiency_bonus": 2, "cr": 1, "ability_scores": {"STR": 13, "DEX": 14, "CON": 8, "INT": 10, "WIS": 12, "CHA": 15}, "max_hp": null, "ac": null, "saving_throws": [], "skills": [], "tools": [], "feats": [], "request_id": "a902746e-9ae8-4d2b-ab19-a4d229fda109", "game_id": "errotin", "description": "a faithful partner", "schema_version": "1.0.0"}}  
{"date": "2025-06-05T08:55:43.096389", "label": "Tool Calledmake_character - name", "data": {"name": null}}  
{"date": "2025-06-05T08:55:43.096629", "label": "build_random_character - name", "data": {"name": null}}  
{"date": "2025-06-05T08:55:43.096876", "label": "build_random_character - calling FantasyNameGenerator", "data": {"name": "Oacoashei"}}  
{"date": "2025-06-05T08:55:43.097155", "label": "Character.init - input name", "data": {"name": "Oacoashei"}}  
{"date": "2025-06-05T08:55:43.097314", "label": "Character.init - inited char", "data": {"id": "5494c390-b630-41f2-b009-c94fba845e68", "personality_profile": null, "current_goal": null, "entity_type": "character", "name": "Oacoashei", "race": null, "class": null, "background": null, "level": 1, "proficiency_bonus": 2, "cr": 1, "ability_scores": {"STR": 13, "DEX": 10, "CON": 15, "INT": 12, "WIS": 14, "CHA": 8}, "max_hp": null, "ac": null, "saving_throws": [], "skills": [], "tools": [], "feats": [], "request_id": "edc34d2d-9a9a-4cfc-b81d-ead44d655033", "game_id": "errotin", "description": "Eataiouth is planning to engage with the townsfolk to subtly gather information about Bruaplueshee by spreading rumors and asking leading questions.", "schema_version": "1.0.0"}}  
{"date": "2025-06-06T22:20:04.657077", "label": "Tool Calledmake_character - name", "data": {"name": "Eataiouth's Kitchen"}}  
{"date": "2025-06-06T22:20:04.657267", "label": "build_random_character - name", "data": {"name": "Eataiouth's Kitchen"}}  
{"date": "2025-06-06T22:20:04.657384", "label": "Character.init - input name", "data": {"name": "Eataiouth's Kitchen"}}  
{"date": "2025-06-06T22:20:04.657446", "label": "Character.init - inited char", "data": {"id": "f2535b0f-b23a-43e5-b4d3-4d47f2433077", "personality_profile": null, "current_goal": null, "entity_type": "character", "name": "Eataiouth's Kitchen", "race": null, "class": null, "background": null, "level": 1, "proficiency_bonus": 2, "cr": 1, "ability_scores": {"STR": 13, "DEX": 8, "CON": 10, "INT": 15, "WIS": 14, "CHA": 12}, "max_hp": null, "ac": null, "saving_throws": [], "skills": [], "tools": [], "feats": [], "request_id": "3f2eb398-25db-4593-b916-584c94d56f00", "game_id": "errotin", "description": "A cozy kitchen in Eataiouth's house, filled with the warm glow of dimmed lanterns. The smell of herbs and spices wafts through the air as rain patters against the window, creating a soothing ambiance. The wooden table is set with mismatched chairs, each holding its own story. Shelves are lined with jars of preserves, dried herbs hanging from the ceiling, and a large hearth crackling with a small fire. The atmosphere is inviting yet mysterious, perfect for cooking or sharing secrets.", "schema_version": "1.0.0"}}  
{"date": "2025-06-06T22:22:26.441595", "label": "Tool Calledmake_character - name", "data": {"name": "Eataiouth's Kitchen"}}  
{"date": "2025-06-06T22:22:26.441866", "label": "build_random_character - name", "data": {"name": "Eataiouth's Kitchen"}}  
{"date": "2025-06-06T22:22:26.442024", "label": "Character.init - input name", "data": {"name": "Eataiouth's Kitchen"}}  
{"date": "2025-06-06T22:22:26.442107", "label": "Character.init - inited char", "data": {"id": "dc16e42c-a529-4aae-968a-e9028e6b068d", "personality_profile": null, "current_goal": null, "entity_type": "character", "name": "Eataiouth's Kitchen", "race": null, "class": null, "background": null, "level": 1, "proficiency_bonus": 2, "cr": 1, "ability_scores": {"STR": 10, "DEX": 14, "CON": 12, "INT": 8, "WIS": 13, "CHA": 15}, "max_hp": null, "ac": null, "saving_throws": [], "skills": [], "tools": [], "feats": [], "request_id": "90367372-21f3-4e36-aaa6-91f97fa4044c", "game_id": "errotin", "description": "The kitchen is a warm, inviting space that contrasts with the cold rain tapping against the windows. The wooden beams of the ceiling are darkened with age, and the walls are lined with shelves filled with an assortment of jars containing herbs, spices, and preserved fruits. A large hearth occupies one end of the room, with a crackling fire casting flickering shadows on the walls, creating a cozy atmosphere. The scent of fresh bread, just pulled from the oven, mingles with the earthy aroma of rain-soaked soil outside.\n\nA sturdy oak table stands in the center, its surface worn smooth by years of use, surrounded by mismatched chairs. On one side of the table, a basket brims with seasonal vegetables; on the other, a wooden cutting board is scattered with flour and crumbs from earlier culinary endeavors.\n\nThe rain creates a rhythmic backdrop, occasionally punctuated by the distant rumble of thunder. A large window above the sink offers a view of the stormy night outside, with streaks of water cascading down the glass. In one corner, a curious cat curls up on a windowsill, watching the raindrops race each other down the pane.\n\nThis kitchen is not just a place for cooking but also serves as a hub for gathering, planning, and perhaps even plotting adventures. Hidden within the pantry are old scrolls and maps that Eataiouth has collected over the years\u2014artifacts waiting to be discovered by curious adventurers. The gentle flicker of candlelight suggests that secrets might be shared here, under the cover of darkness and storm. Players might find clues to Eataiouth's past or even hear whispers from the spirits of previous inhabitants who linger in this warm refuge from the storm.", "schema_version": "1.0.0"}}  
{"date": "2025-06-06T22:27:19.715375", "label": "Tool Calledmake_character - name", "data": {"name": null}}  
{"date": "2025-06-06T22:27:19.715543", "label": "build_random_character - name", "data": {"name": null}}  
{"date": "2025-06-06T22:27:19.715672", "label": "build_random_character - calling FantasyNameGenerator", "data": {"name": "Mastmuebrues"}}  
{"date": "2025-06-06T22:27:19.715843", "label": "Character.init - input name", "data": {"name": "Mastmuebrues"}}  
{"date": "2025-06-06T22:27:19.715918", "label": "Character.init - inited char", "data": {"id": "dc4f7ef8-4621-4c69-9a8e-b718f637d7fe", "personality_profile": null, "current_goal": null, "entity_type": "character", "name": "Mastmuebrues", "race": null, "class": null, "background": null, "level": 1, "proficiency_bonus": 2, "cr": 1, "ability_scores": {"STR": 10, "DEX": 13, "CON": 15, "INT": 8, "WIS": 14, "CHA": 12}, "max_hp": null, "ac": null, "saving_throws": [], "skills": [], "tools": [], "feats": [], "request_id": "5452e248-6018-4e48-a1b2-c4f742ccd0f4", "game_id": "errotin", "description": "The kitchen in Eataiouth's house. It's late and raining outside. The kitchen is filled with the warm glow of flickering candlelight, casting dancing shadows on the walls. The air is thick with the rich aromas of herbs and spices from the day's cooking. An old wooden table sits in the center, scattered with various cooking utensils and a half-prepared meal. The rain taps softly against the window, providing a soothing background to the otherwise quiet space. A small fireplace crackles in one corner, where a kettle hangs, steam rising gently into the air. Shelves lined with jars of pickled vegetables and herbs add color to the room. A window overlooks the darkened garden outside, where droplets of rain glisten like tiny jewels under the pale moonlight. This cozy yet slightly eerie atmosphere is perfect for secrets and late-night conversations.", "schema_version": "1.0.0"}}  
